[0m17:14:37.481544 [debug] [MainThread]: Sending event: {'category': 'dbt', 'action': 'invocation', 'label': 'start', 'context': [<snowplow_tracker.self_describing_json.SelfDescribingJson object at 0x11644c450>, <snowplow_tracker.self_describing_json.SelfDescribingJson object at 0x116475690>, <snowplow_tracker.self_describing_json.SelfDescribingJson object at 0x116475c90>]}


============================== 17:14:37.483598 | b9a7369f-6b36-40f8-9c89-23eab6e97e66 ==============================
[0m17:14:37.483598 [info ] [MainThread]: Running with dbt=1.9.0
[0m17:14:37.483832 [debug] [MainThread]: running dbt with arguments {'printer_width': '80', 'indirect_selection': 'eager', 'write_json': 'True', 'log_cache_events': 'False', 'partial_parse': 'True', 'cache_selected_only': 'False', 'profiles_dir': '/Users/connor/Documents/git/data-engineer-interview/2025/dbt_project', 'debug': 'False', 'version_check': 'True', 'log_path': '/Users/connor/Documents/git/data-engineer-interview/2025/dbt_project/logs', 'fail_fast': 'False', 'warn_error': 'None', 'use_colors': 'True', 'use_experimental_parser': 'False', 'empty': 'None', 'quiet': 'False', 'no_print': 'None', 'warn_error_options': 'WarnErrorOptions(include=[], exclude=[])', 'static_parser': 'True', 'invocation_command': 'dbt ', 'log_format': 'default', 'target_path': 'None', 'introspect': 'True', 'send_anonymous_usage_stats': 'True'}
[0m17:14:37.528400 [debug] [MainThread]: Sending event: {'category': 'dbt', 'action': 'project_id', 'label': 'b9a7369f-6b36-40f8-9c89-23eab6e97e66', 'context': [<snowplow_tracker.self_describing_json.SelfDescribingJson object at 0x1164757d0>]}
[0m17:14:37.535732 [info ] [MainThread]: Warning: No packages were found in packages.yml
[0m17:14:37.536163 [info ] [MainThread]: Warning: No packages were found in packages.yml
[0m17:14:37.757436 [debug] [MainThread]: Resource report: {"command_name": "deps", "command_success": true, "command_wall_clock_time": 0.30978903, "process_in_blocks": "0", "process_kernel_time": 0.165065, "process_mem_max_rss": "107282432", "process_out_blocks": "0", "process_user_time": 0.558914}
[0m17:14:37.757947 [debug] [MainThread]: Command `cli deps` succeeded at 17:14:37.757813 after 0.31 seconds
[0m17:14:37.758249 [debug] [MainThread]: Sending event: {'category': 'dbt', 'action': 'invocation', 'label': 'end', 'context': [<snowplow_tracker.self_describing_json.SelfDescribingJson object at 0x11641ab90>, <snowplow_tracker.self_describing_json.SelfDescribingJson object at 0x116125410>, <snowplow_tracker.self_describing_json.SelfDescribingJson object at 0x116230950>]}
[0m17:14:37.758469 [debug] [MainThread]: Flushing usage events
[0m17:14:38.455356 [debug] [MainThread]: An error was encountered while trying to flush usage events
[0m17:21:33.647590 [debug] [MainThread]: Sending event: {'category': 'dbt', 'action': 'invocation', 'label': 'start', 'context': [<snowplow_tracker.self_describing_json.SelfDescribingJson object at 0x107bbd7c0>, <snowplow_tracker.self_describing_json.SelfDescribingJson object at 0x121c611c0>, <snowplow_tracker.self_describing_json.SelfDescribingJson object at 0x121c61d60>]}


============================== 17:21:33.650276 | 5931b78e-2b1f-45d7-b551-4fed0ab8d6d6 ==============================
[0m17:21:33.650276 [info ] [MainThread]: Running with dbt=1.9.4
[0m17:21:33.650546 [debug] [MainThread]: running dbt with arguments {'printer_width': '80', 'indirect_selection': 'eager', 'write_json': 'True', 'log_cache_events': 'False', 'partial_parse': 'True', 'cache_selected_only': 'False', 'warn_error': 'None', 'fail_fast': 'False', 'profiles_dir': '/Users/connor/Documents/git/data-engineer-interview/2025/dbt_project', 'log_path': '/Users/connor/Documents/git/data-engineer-interview/2025/dbt_project/logs', 'version_check': 'True', 'debug': 'False', 'use_colors': 'True', 'use_experimental_parser': 'False', 'no_print': 'None', 'quiet': 'False', 'empty': 'None', 'warn_error_options': 'WarnErrorOptions(include=[], exclude=[])', 'static_parser': 'True', 'introspect': 'True', 'invocation_command': 'dbt ', 'target_path': 'None', 'log_format': 'default', 'send_anonymous_usage_stats': 'True'}
[0m17:21:33.705609 [debug] [MainThread]: Sending event: {'category': 'dbt', 'action': 'project_id', 'label': '5931b78e-2b1f-45d7-b551-4fed0ab8d6d6', 'context': [<snowplow_tracker.self_describing_json.SelfDescribingJson object at 0x120b2b9d0>]}
[0m17:21:33.729166 [info ] [MainThread]: Warning: No packages were found in packages.yml
[0m17:21:33.730193 [info ] [MainThread]: Warning: No packages were found in packages.yml
[0m17:21:33.731848 [debug] [MainThread]: Resource report: {"command_name": "deps", "command_success": true, "command_wall_clock_time": 0.12418142, "process_in_blocks": "0", "process_kernel_time": 0.137042, "process_mem_max_rss": "96403456", "process_out_blocks": "0", "process_user_time": 0.626993}
[0m17:21:33.732129 [debug] [MainThread]: Command `cli deps` succeeded at 17:21:33.732068 after 0.12 seconds
[0m17:21:33.732314 [debug] [MainThread]: Sending event: {'category': 'dbt', 'action': 'invocation', 'label': 'end', 'context': [<snowplow_tracker.self_describing_json.SelfDescribingJson object at 0x107bbd7c0>, <snowplow_tracker.self_describing_json.SelfDescribingJson object at 0x121cc0400>, <snowplow_tracker.self_describing_json.SelfDescribingJson object at 0x123a080d0>]}
[0m17:21:33.732505 [debug] [MainThread]: Flushing usage events
[0m17:21:34.375957 [debug] [MainThread]: An error was encountered while trying to flush usage events
[0m17:21:55.274191 [debug] [MainThread]: Sending event: {'category': 'dbt', 'action': 'invocation', 'label': 'start', 'context': [<snowplow_tracker.self_describing_json.SelfDescribingJson object at 0x11388d880>, <snowplow_tracker.self_describing_json.SelfDescribingJson object at 0x114a1dd60>, <snowplow_tracker.self_describing_json.SelfDescribingJson object at 0x114a1da90>]}


============================== 17:21:55.276129 | b900c567-d797-497e-abd4-7d0815b1330f ==============================
[0m17:21:55.276129 [info ] [MainThread]: Running with dbt=1.9.4
[0m17:21:55.276398 [debug] [MainThread]: running dbt with arguments {'printer_width': '80', 'indirect_selection': 'eager', 'write_json': 'True', 'log_cache_events': 'False', 'partial_parse': 'True', 'cache_selected_only': 'False', 'warn_error': 'None', 'version_check': 'True', 'profiles_dir': '/Users/connor/Documents/git/data-engineer-interview/2025/dbt_project', 'log_path': '/Users/connor/Documents/git/data-engineer-interview/2025/dbt_project/logs', 'fail_fast': 'False', 'debug': 'False', 'use_colors': 'True', 'use_experimental_parser': 'False', 'empty': 'None', 'quiet': 'False', 'no_print': 'None', 'warn_error_options': 'WarnErrorOptions(include=[], exclude=[])', 'static_parser': 'True', 'introspect': 'True', 'log_format': 'default', 'target_path': 'None', 'invocation_command': 'dbt debug', 'send_anonymous_usage_stats': 'True'}
[0m17:21:55.282906 [info ] [MainThread]: dbt version: 1.9.4
[0m17:21:55.283199 [info ] [MainThread]: python version: 3.9.6
[0m17:21:55.283401 [info ] [MainThread]: python path: /Users/connor/Documents/git/data-engineer-interview/.venv/bin/python3
[0m17:21:55.283549 [info ] [MainThread]: os info: macOS-15.4.1-arm64-arm-64bit
[0m17:21:55.294034 [info ] [MainThread]: Using profiles dir at /Users/connor/Documents/git/data-engineer-interview/2025/dbt_project
[0m17:21:55.294302 [info ] [MainThread]: Using profiles.yml file at /Users/connor/Documents/git/data-engineer-interview/2025/dbt_project/profiles.yml
[0m17:21:55.294474 [info ] [MainThread]: Using dbt_project.yml file at /Users/connor/Documents/git/data-engineer-interview/2025/dbt_project/dbt_project.yml
[0m17:21:55.339278 [info ] [MainThread]: Configuration:
[0m17:21:55.339635 [info ] [MainThread]:   profiles.yml file [[31mERROR invalid[0m]
[0m17:21:55.339904 [info ] [MainThread]:   dbt_project.yml file [[32mOK found and valid[0m]
[0m17:21:55.340058 [info ] [MainThread]: Required dependencies:
[0m17:21:55.340329 [debug] [MainThread]: Executing "git --help"
[0m17:21:55.349416 [debug] [MainThread]: STDOUT: "b"usage: git [-v | --version] [-h | --help] [-C <path>] [-c <name>=<value>]\n           [--exec-path[=<path>]] [--html-path] [--man-path] [--info-path]\n           [-p | --paginate | -P | --no-pager] [--no-replace-objects] [--no-lazy-fetch]\n           [--no-optional-locks] [--no-advice] [--bare] [--git-dir=<path>]\n           [--work-tree=<path>] [--namespace=<name>] [--config-env=<name>=<envvar>]\n           <command> [<args>]\n\nThese are common Git commands used in various situations:\n\nstart a working area (see also: git help tutorial)\n   clone      Clone a repository into a new directory\n   init       Create an empty Git repository or reinitialize an existing one\n\nwork on the current change (see also: git help everyday)\n   add        Add file contents to the index\n   mv         Move or rename a file, a directory, or a symlink\n   restore    Restore working tree files\n   rm         Remove files from the working tree and from the index\n\nexamine the history and state (see also: git help revisions)\n   bisect     Use binary search to find the commit that introduced a bug\n   diff       Show changes between commits, commit and working tree, etc\n   grep       Print lines matching a pattern\n   log        Show commit logs\n   show       Show various types of objects\n   status     Show the working tree status\n\ngrow, mark and tweak your common history\n   backfill   Download missing objects in a partial clone\n   branch     List, create, or delete branches\n   commit     Record changes to the repository\n   merge      Join two or more development histories together\n   rebase     Reapply commits on top of another base tip\n   reset      Reset current HEAD to the specified state\n   switch     Switch branches\n   tag        Create, list, delete or verify a tag object signed with GPG\n\ncollaborate (see also: git help workflows)\n   fetch      Download objects and refs from another repository\n   pull       Fetch from and integrate with another repository or a local branch\n   push       Update remote refs along with associated objects\n\n'git help -a' and 'git help -g' list available subcommands and some\nconcept guides. See 'git help <command>' or 'git help <concept>'\nto read about a specific subcommand or concept.\nSee 'git help git' for an overview of the system.\n""
[0m17:21:55.349957 [debug] [MainThread]: STDERR: "b''"
[0m17:21:55.350140 [info ] [MainThread]:  - git [[32mOK found[0m]

[0m17:21:55.350301 [info ] [MainThread]: Connection test skipped since no profile was found
[0m17:21:55.350473 [info ] [MainThread]: [31m1 check failed:[0m
[0m17:21:55.350616 [info ] [MainThread]: Profile loading failed for the following reason:
Runtime Error
  Credentials in profile "employee_analytics", target "dev" invalid: 'schemas_and_paths' is a required property


[0m17:21:55.352221 [debug] [MainThread]: Resource report: {"command_name": "debug", "command_success": false, "command_wall_clock_time": 0.11743804, "process_in_blocks": "0", "process_kernel_time": 0.127304, "process_mem_max_rss": "94912512", "process_out_blocks": "0", "process_user_time": 0.543326}
[0m17:21:55.352565 [debug] [MainThread]: Command `dbt debug` failed at 17:21:55.352501 after 0.12 seconds
[0m17:21:55.352875 [debug] [MainThread]: Sending event: {'category': 'dbt', 'action': 'invocation', 'label': 'end', 'context': [<snowplow_tracker.self_describing_json.SelfDescribingJson object at 0x11388d880>, <snowplow_tracker.self_describing_json.SelfDescribingJson object at 0x114ae4610>, <snowplow_tracker.self_describing_json.SelfDescribingJson object at 0x113b1f700>]}
[0m17:21:55.353109 [debug] [MainThread]: Flushing usage events
[0m17:21:55.853310 [debug] [MainThread]: An error was encountered while trying to flush usage events
[0m17:24:53.684017 [debug] [MainThread]: Sending event: {'category': 'dbt', 'action': 'invocation', 'label': 'start', 'context': [<snowplow_tracker.self_describing_json.SelfDescribingJson object at 0x10785c910>, <snowplow_tracker.self_describing_json.SelfDescribingJson object at 0x10b9dfa30>, <snowplow_tracker.self_describing_json.SelfDescribingJson object at 0x10b9df760>]}


============================== 17:24:53.686060 | e8c467b3-4d05-41b5-a86d-23dcb78db58f ==============================
[0m17:24:53.686060 [info ] [MainThread]: Running with dbt=1.9.4
[0m17:24:53.686338 [debug] [MainThread]: running dbt with arguments {'printer_width': '80', 'indirect_selection': 'eager', 'write_json': 'True', 'log_cache_events': 'False', 'partial_parse': 'True', 'cache_selected_only': 'False', 'warn_error': 'None', 'fail_fast': 'False', 'debug': 'False', 'log_path': '/Users/connor/Documents/git/data-engineer-interview/2025/dbt_project/logs', 'profiles_dir': '/Users/connor/Documents/git/data-engineer-interview/2025/dbt_project', 'version_check': 'True', 'use_colors': 'True', 'use_experimental_parser': 'False', 'empty': 'None', 'quiet': 'False', 'no_print': 'None', 'warn_error_options': 'WarnErrorOptions(include=[], exclude=[])', 'invocation_command': 'dbt debug', 'log_format': 'default', 'static_parser': 'True', 'target_path': 'None', 'introspect': 'True', 'send_anonymous_usage_stats': 'True'}
[0m17:24:53.691997 [info ] [MainThread]: dbt version: 1.9.4
[0m17:24:53.692148 [info ] [MainThread]: python version: 3.9.6
[0m17:24:53.692381 [info ] [MainThread]: python path: /Users/connor/Documents/git/data-engineer-interview/.venv/bin/python3
[0m17:24:53.692552 [info ] [MainThread]: os info: macOS-15.4.1-arm64-arm-64bit
[0m17:24:53.702125 [info ] [MainThread]: Using profiles dir at /Users/connor/Documents/git/data-engineer-interview/2025/dbt_project
[0m17:24:53.702393 [info ] [MainThread]: Using profiles.yml file at /Users/connor/Documents/git/data-engineer-interview/2025/dbt_project/profiles.yml
[0m17:24:53.702550 [info ] [MainThread]: Using dbt_project.yml file at /Users/connor/Documents/git/data-engineer-interview/2025/dbt_project/dbt_project.yml
[0m17:24:53.704657 [warn ] [MainThread]: [[33mWARNING[0m]: Deprecated functionality
The `source-paths` config has been renamed to `model-paths`. Please update your
`dbt_project.yml` configuration to reflect this change.
[0m17:24:53.704861 [debug] [MainThread]: Sending event: {'category': 'dbt', 'action': 'deprecation', 'label': 'e8c467b3-4d05-41b5-a86d-23dcb78db58f', 'property_': 'warn', 'context': [<snowplow_tracker.self_describing_json.SelfDescribingJson object at 0x10bad3820>]}
[0m17:24:53.705069 [warn ] [MainThread]: [[33mWARNING[0m]: Deprecated functionality
The `data-paths` config has been renamed to `seed-paths`. Please update your
`dbt_project.yml` configuration to reflect this change.
[0m17:24:53.705226 [debug] [MainThread]: Sending event: {'category': 'dbt', 'action': 'deprecation', 'label': 'e8c467b3-4d05-41b5-a86d-23dcb78db58f', 'property_': 'warn', 'context': [<snowplow_tracker.self_describing_json.SelfDescribingJson object at 0x10bad34f0>]}
[0m17:24:53.744319 [info ] [MainThread]: Configuration:
[0m17:24:53.744587 [info ] [MainThread]:   profiles.yml file [[31mERROR invalid[0m]
[0m17:24:53.744717 [info ] [MainThread]:   dbt_project.yml file [[32mOK found and valid[0m]
[0m17:24:53.744850 [info ] [MainThread]: Required dependencies:
[0m17:24:53.745159 [debug] [MainThread]: Executing "git --help"
[0m17:24:53.757622 [debug] [MainThread]: STDOUT: "b"usage: git [-v | --version] [-h | --help] [-C <path>] [-c <name>=<value>]\n           [--exec-path[=<path>]] [--html-path] [--man-path] [--info-path]\n           [-p | --paginate | -P | --no-pager] [--no-replace-objects] [--no-lazy-fetch]\n           [--no-optional-locks] [--no-advice] [--bare] [--git-dir=<path>]\n           [--work-tree=<path>] [--namespace=<name>] [--config-env=<name>=<envvar>]\n           <command> [<args>]\n\nThese are common Git commands used in various situations:\n\nstart a working area (see also: git help tutorial)\n   clone      Clone a repository into a new directory\n   init       Create an empty Git repository or reinitialize an existing one\n\nwork on the current change (see also: git help everyday)\n   add        Add file contents to the index\n   mv         Move or rename a file, a directory, or a symlink\n   restore    Restore working tree files\n   rm         Remove files from the working tree and from the index\n\nexamine the history and state (see also: git help revisions)\n   bisect     Use binary search to find the commit that introduced a bug\n   diff       Show changes between commits, commit and working tree, etc\n   grep       Print lines matching a pattern\n   log        Show commit logs\n   show       Show various types of objects\n   status     Show the working tree status\n\ngrow, mark and tweak your common history\n   backfill   Download missing objects in a partial clone\n   branch     List, create, or delete branches\n   commit     Record changes to the repository\n   merge      Join two or more development histories together\n   rebase     Reapply commits on top of another base tip\n   reset      Reset current HEAD to the specified state\n   switch     Switch branches\n   tag        Create, list, delete or verify a tag object signed with GPG\n\ncollaborate (see also: git help workflows)\n   fetch      Download objects and refs from another repository\n   pull       Fetch from and integrate with another repository or a local branch\n   push       Update remote refs along with associated objects\n\n'git help -a' and 'git help -g' list available subcommands and some\nconcept guides. See 'git help <command>' or 'git help <concept>'\nto read about a specific subcommand or concept.\nSee 'git help git' for an overview of the system.\n""
[0m17:24:53.758092 [debug] [MainThread]: STDERR: "b''"
[0m17:24:53.758274 [info ] [MainThread]:  - git [[32mOK found[0m]

[0m17:24:53.758443 [info ] [MainThread]: Connection test skipped since no profile was found
[0m17:24:53.758605 [info ] [MainThread]: [31m1 check failed:[0m
[0m17:24:53.758744 [info ] [MainThread]: Profile loading failed for the following reason:
Runtime Error
  Credentials in profile "employee_analytics", target "dev" invalid: 'schemas_and_paths' is a required property


[0m17:24:53.760045 [debug] [MainThread]: Resource report: {"command_name": "debug", "command_success": false, "command_wall_clock_time": 0.1169285, "process_in_blocks": "0", "process_kernel_time": 0.133786, "process_mem_max_rss": "96354304", "process_out_blocks": "0", "process_user_time": 0.557893}
[0m17:24:53.760276 [debug] [MainThread]: Command `dbt debug` failed at 17:24:53.760226 after 0.12 seconds
[0m17:24:53.760535 [debug] [MainThread]: Sending event: {'category': 'dbt', 'action': 'invocation', 'label': 'end', 'context': [<snowplow_tracker.self_describing_json.SelfDescribingJson object at 0x10785c910>, <snowplow_tracker.self_describing_json.SelfDescribingJson object at 0x10818d580>, <snowplow_tracker.self_describing_json.SelfDescribingJson object at 0x1084ffe50>]}
[0m17:24:53.760777 [debug] [MainThread]: Flushing usage events
[0m17:24:54.371488 [debug] [MainThread]: An error was encountered while trying to flush usage events
[0m17:25:34.651987 [debug] [MainThread]: Sending event: {'category': 'dbt', 'action': 'invocation', 'label': 'start', 'context': [<snowplow_tracker.self_describing_json.SelfDescribingJson object at 0x1058e98b0>, <snowplow_tracker.self_describing_json.SelfDescribingJson object at 0x10685fd90>, <snowplow_tracker.self_describing_json.SelfDescribingJson object at 0x10685fac0>]}


============================== 17:25:34.654478 | a1289282-6494-45ae-a5eb-33042904efbf ==============================
[0m17:25:34.654478 [info ] [MainThread]: Running with dbt=1.9.4
[0m17:25:34.654745 [debug] [MainThread]: running dbt with arguments {'printer_width': '80', 'indirect_selection': 'eager', 'log_cache_events': 'False', 'write_json': 'True', 'partial_parse': 'True', 'cache_selected_only': 'False', 'warn_error': 'None', 'fail_fast': 'False', 'version_check': 'True', 'log_path': '/Users/connor/Documents/git/data-engineer-interview/2025/dbt_project/logs', 'debug': 'False', 'profiles_dir': '/Users/connor/Documents/git/data-engineer-interview/2025/dbt_project', 'use_colors': 'True', 'use_experimental_parser': 'False', 'empty': 'None', 'quiet': 'False', 'no_print': 'None', 'warn_error_options': 'WarnErrorOptions(include=[], exclude=[])', 'invocation_command': 'dbt debug', 'static_parser': 'True', 'log_format': 'default', 'target_path': 'None', 'introspect': 'True', 'send_anonymous_usage_stats': 'True'}
[0m17:25:34.662142 [info ] [MainThread]: dbt version: 1.9.4
[0m17:25:34.662369 [info ] [MainThread]: python version: 3.9.6
[0m17:25:34.662536 [info ] [MainThread]: python path: /Users/connor/Documents/git/data-engineer-interview/.venv/bin/python3
[0m17:25:34.662686 [info ] [MainThread]: os info: macOS-15.4.1-arm64-arm-64bit
[0m17:25:34.672922 [info ] [MainThread]: Using profiles dir at /Users/connor/Documents/git/data-engineer-interview/2025/dbt_project
[0m17:25:34.673283 [info ] [MainThread]: Using profiles.yml file at /Users/connor/Documents/git/data-engineer-interview/2025/dbt_project/profiles.yml
[0m17:25:34.673457 [info ] [MainThread]: Using dbt_project.yml file at /Users/connor/Documents/git/data-engineer-interview/2025/dbt_project/dbt_project.yml
[0m17:25:34.675745 [warn ] [MainThread]: [[33mWARNING[0m]: Deprecated functionality
The `source-paths` config has been renamed to `model-paths`. Please update your
`dbt_project.yml` configuration to reflect this change.
[0m17:25:34.675942 [debug] [MainThread]: Sending event: {'category': 'dbt', 'action': 'deprecation', 'label': 'a1289282-6494-45ae-a5eb-33042904efbf', 'property_': 'warn', 'context': [<snowplow_tracker.self_describing_json.SelfDescribingJson object at 0x106b538b0>]}
[0m17:25:34.676134 [warn ] [MainThread]: [[33mWARNING[0m]: Deprecated functionality
The `data-paths` config has been renamed to `seed-paths`. Please update your
`dbt_project.yml` configuration to reflect this change.
[0m17:25:34.676271 [debug] [MainThread]: Sending event: {'category': 'dbt', 'action': 'deprecation', 'label': 'a1289282-6494-45ae-a5eb-33042904efbf', 'property_': 'warn', 'context': [<snowplow_tracker.self_describing_json.SelfDescribingJson object at 0x106b530d0>]}
[0m17:25:34.714926 [info ] [MainThread]: Configuration:
[0m17:25:34.715171 [info ] [MainThread]:   profiles.yml file [[31mERROR invalid[0m]
[0m17:25:34.715293 [info ] [MainThread]:   dbt_project.yml file [[32mOK found and valid[0m]
[0m17:25:34.715440 [info ] [MainThread]: Required dependencies:
[0m17:25:34.715755 [debug] [MainThread]: Executing "git --help"
[0m17:25:34.728259 [debug] [MainThread]: STDOUT: "b"usage: git [-v | --version] [-h | --help] [-C <path>] [-c <name>=<value>]\n           [--exec-path[=<path>]] [--html-path] [--man-path] [--info-path]\n           [-p | --paginate | -P | --no-pager] [--no-replace-objects] [--no-lazy-fetch]\n           [--no-optional-locks] [--no-advice] [--bare] [--git-dir=<path>]\n           [--work-tree=<path>] [--namespace=<name>] [--config-env=<name>=<envvar>]\n           <command> [<args>]\n\nThese are common Git commands used in various situations:\n\nstart a working area (see also: git help tutorial)\n   clone      Clone a repository into a new directory\n   init       Create an empty Git repository or reinitialize an existing one\n\nwork on the current change (see also: git help everyday)\n   add        Add file contents to the index\n   mv         Move or rename a file, a directory, or a symlink\n   restore    Restore working tree files\n   rm         Remove files from the working tree and from the index\n\nexamine the history and state (see also: git help revisions)\n   bisect     Use binary search to find the commit that introduced a bug\n   diff       Show changes between commits, commit and working tree, etc\n   grep       Print lines matching a pattern\n   log        Show commit logs\n   show       Show various types of objects\n   status     Show the working tree status\n\ngrow, mark and tweak your common history\n   backfill   Download missing objects in a partial clone\n   branch     List, create, or delete branches\n   commit     Record changes to the repository\n   merge      Join two or more development histories together\n   rebase     Reapply commits on top of another base tip\n   reset      Reset current HEAD to the specified state\n   switch     Switch branches\n   tag        Create, list, delete or verify a tag object signed with GPG\n\ncollaborate (see also: git help workflows)\n   fetch      Download objects and refs from another repository\n   pull       Fetch from and integrate with another repository or a local branch\n   push       Update remote refs along with associated objects\n\n'git help -a' and 'git help -g' list available subcommands and some\nconcept guides. See 'git help <command>' or 'git help <concept>'\nto read about a specific subcommand or concept.\nSee 'git help git' for an overview of the system.\n""
[0m17:25:34.728602 [debug] [MainThread]: STDERR: "b''"
[0m17:25:34.728744 [info ] [MainThread]:  - git [[32mOK found[0m]

[0m17:25:34.728891 [info ] [MainThread]: Connection test skipped since no profile was found
[0m17:25:34.729084 [info ] [MainThread]: [31m1 check failed:[0m
[0m17:25:34.729280 [info ] [MainThread]: Profile loading failed for the following reason:
Runtime Error
  Credentials in profile "employee_analytics", target "dev" invalid: 'schema_directory' is a required property


[0m17:25:34.730833 [debug] [MainThread]: Resource report: {"command_name": "debug", "command_success": false, "command_wall_clock_time": 0.122643374, "process_in_blocks": "0", "process_kernel_time": 0.126394, "process_mem_max_rss": "96550912", "process_out_blocks": "0", "process_user_time": 0.54227}
[0m17:25:34.731098 [debug] [MainThread]: Command `dbt debug` failed at 17:25:34.731043 after 0.12 seconds
[0m17:25:34.731327 [debug] [MainThread]: Sending event: {'category': 'dbt', 'action': 'invocation', 'label': 'end', 'context': [<snowplow_tracker.self_describing_json.SelfDescribingJson object at 0x1058e98b0>, <snowplow_tracker.self_describing_json.SelfDescribingJson object at 0x1068527f0>, <snowplow_tracker.self_describing_json.SelfDescribingJson object at 0x1027b0e20>]}
[0m17:25:34.731543 [debug] [MainThread]: Flushing usage events
[0m17:25:35.235440 [debug] [MainThread]: An error was encountered while trying to flush usage events
[0m09:49:38.163906 [debug] [MainThread]: Sending event: {'category': 'dbt', 'action': 'invocation', 'label': 'start', 'context': [<snowplow_tracker.self_describing_json.SelfDescribingJson object at 0x123046280>, <snowplow_tracker.self_describing_json.SelfDescribingJson object at 0x124a9d670>, <snowplow_tracker.self_describing_json.SelfDescribingJson object at 0x124a9de20>]}


============================== 09:49:38.167172 | ac98f5de-7f78-4062-baa5-771226dca8bb ==============================
[0m09:49:38.167172 [info ] [MainThread]: Running with dbt=1.9.4
[0m09:49:38.167505 [debug] [MainThread]: running dbt with arguments {'printer_width': '80', 'indirect_selection': 'eager', 'log_cache_events': 'False', 'write_json': 'True', 'partial_parse': 'True', 'cache_selected_only': 'False', 'warn_error': 'None', 'version_check': 'True', 'debug': 'False', 'log_path': '/Users/connor/Documents/git/data-engineer-interview/2025/dbt_project/logs', 'profiles_dir': '/Users/connor/Documents/git/data-engineer-interview/2025/dbt_project', 'fail_fast': 'False', 'use_colors': 'True', 'use_experimental_parser': 'False', 'no_print': 'None', 'quiet': 'False', 'empty': 'None', 'warn_error_options': 'WarnErrorOptions(include=[], exclude=[])', 'introspect': 'True', 'static_parser': 'True', 'invocation_command': 'dbt ', 'target_path': 'None', 'log_format': 'default', 'send_anonymous_usage_stats': 'True'}
[0m09:49:38.171029 [warn ] [MainThread]: [[33mWARNING[0m]: Deprecated functionality
The `source-paths` config has been renamed to `model-paths`. Please update your
`dbt_project.yml` configuration to reflect this change.
[0m09:49:38.171394 [debug] [MainThread]: Sending event: {'category': 'dbt', 'action': 'deprecation', 'label': 'ac98f5de-7f78-4062-baa5-771226dca8bb', 'property_': 'warn', 'context': [<snowplow_tracker.self_describing_json.SelfDescribingJson object at 0x124afaf10>]}
[0m09:49:38.171754 [warn ] [MainThread]: [[33mWARNING[0m]: Deprecated functionality
The `data-paths` config has been renamed to `seed-paths`. Please update your
`dbt_project.yml` configuration to reflect this change.
[0m09:49:38.171956 [debug] [MainThread]: Sending event: {'category': 'dbt', 'action': 'deprecation', 'label': 'ac98f5de-7f78-4062-baa5-771226dca8bb', 'property_': 'warn', 'context': [<snowplow_tracker.self_describing_json.SelfDescribingJson object at 0x124afabb0>]}
[0m09:49:38.231142 [debug] [MainThread]: Sending event: {'category': 'dbt', 'action': 'project_id', 'label': 'ac98f5de-7f78-4062-baa5-771226dca8bb', 'context': [<snowplow_tracker.self_describing_json.SelfDescribingJson object at 0x124b3d5e0>]}
[0m09:49:38.241506 [info ] [MainThread]: Warning: No packages were found in packages.yml
[0m09:49:38.242303 [info ] [MainThread]: Warning: No packages were found in packages.yml
[0m09:49:38.243945 [debug] [MainThread]: Resource report: {"command_name": "deps", "command_success": true, "command_wall_clock_time": 0.12531996, "process_in_blocks": "0", "process_kernel_time": 0.152747, "process_mem_max_rss": "98435072", "process_out_blocks": "0", "process_user_time": 0.728214}
[0m09:49:38.244218 [debug] [MainThread]: Command `cli deps` succeeded at 09:49:38.244163 after 0.13 seconds
[0m09:49:38.244416 [debug] [MainThread]: Sending event: {'category': 'dbt', 'action': 'invocation', 'label': 'end', 'context': [<snowplow_tracker.self_describing_json.SelfDescribingJson object at 0x123046280>, <snowplow_tracker.self_describing_json.SelfDescribingJson object at 0x124be5d00>, <snowplow_tracker.self_describing_json.SelfDescribingJson object at 0x124b3d5e0>]}
[0m09:49:38.244603 [debug] [MainThread]: Flushing usage events
[0m09:49:38.862172 [debug] [MainThread]: An error was encountered while trying to flush usage events
[0m09:50:12.186169 [debug] [MainThread]: Sending event: {'category': 'dbt', 'action': 'invocation', 'label': 'start', 'context': [<snowplow_tracker.self_describing_json.SelfDescribingJson object at 0x107eb21f0>, <snowplow_tracker.self_describing_json.SelfDescribingJson object at 0x108e2e970>, <snowplow_tracker.self_describing_json.SelfDescribingJson object at 0x108e2e160>]}


============================== 09:50:12.189980 | 535eaa2b-56bf-41dd-a623-585a9f748055 ==============================
[0m09:50:12.189980 [info ] [MainThread]: Running with dbt=1.9.4
[0m09:50:12.190258 [debug] [MainThread]: running dbt with arguments {'printer_width': '80', 'indirect_selection': 'eager', 'write_json': 'True', 'log_cache_events': 'False', 'partial_parse': 'True', 'cache_selected_only': 'False', 'profiles_dir': '/Users/connor/Documents/git/data-engineer-interview/2025/dbt_project', 'debug': 'False', 'version_check': 'True', 'log_path': '/Users/connor/Documents/git/data-engineer-interview/2025/dbt_project/logs', 'warn_error': 'None', 'fail_fast': 'False', 'use_colors': 'True', 'use_experimental_parser': 'False', 'no_print': 'None', 'quiet': 'False', 'empty': 'None', 'log_format': 'default', 'static_parser': 'True', 'introspect': 'True', 'warn_error_options': 'WarnErrorOptions(include=[], exclude=[])', 'target_path': 'None', 'invocation_command': 'dbt ', 'send_anonymous_usage_stats': 'True'}
[0m09:50:12.194187 [warn ] [MainThread]: [[33mWARNING[0m]: Deprecated functionality
The `source-paths` config has been renamed to `model-paths`. Please update your
`dbt_project.yml` configuration to reflect this change.
[0m09:50:12.194565 [debug] [MainThread]: Sending event: {'category': 'dbt', 'action': 'deprecation', 'label': '535eaa2b-56bf-41dd-a623-585a9f748055', 'property_': 'warn', 'context': [<snowplow_tracker.self_describing_json.SelfDescribingJson object at 0x108e747f0>]}
[0m09:50:12.194945 [warn ] [MainThread]: [[33mWARNING[0m]: Deprecated functionality
The `data-paths` config has been renamed to `seed-paths`. Please update your
`dbt_project.yml` configuration to reflect this change.
[0m09:50:12.195121 [debug] [MainThread]: Sending event: {'category': 'dbt', 'action': 'deprecation', 'label': '535eaa2b-56bf-41dd-a623-585a9f748055', 'property_': 'warn', 'context': [<snowplow_tracker.self_describing_json.SelfDescribingJson object at 0x108e748b0>]}
[0m09:50:12.255295 [debug] [MainThread]: Sending event: {'category': 'dbt', 'action': 'project_id', 'label': '535eaa2b-56bf-41dd-a623-585a9f748055', 'context': [<snowplow_tracker.self_describing_json.SelfDescribingJson object at 0x108e0e7c0>]}
[0m09:50:12.264104 [info ] [MainThread]: Warning: No packages were found in packages.yml
[0m09:50:12.264885 [info ] [MainThread]: Warning: No packages were found in packages.yml
[0m09:50:12.266550 [debug] [MainThread]: Resource report: {"command_name": "deps", "command_success": true, "command_wall_clock_time": 0.1270712, "process_in_blocks": "0", "process_kernel_time": 0.151991, "process_mem_max_rss": "97714176", "process_out_blocks": "0", "process_user_time": 0.732918}
[0m09:50:12.266877 [debug] [MainThread]: Command `cli deps` succeeded at 09:50:12.266809 after 0.13 seconds
[0m09:50:12.267069 [debug] [MainThread]: Sending event: {'category': 'dbt', 'action': 'invocation', 'label': 'end', 'context': [<snowplow_tracker.self_describing_json.SelfDescribingJson object at 0x107eb21f0>, <snowplow_tracker.self_describing_json.SelfDescribingJson object at 0x108f66c40>, <snowplow_tracker.self_describing_json.SelfDescribingJson object at 0x108e0e7c0>]}
[0m09:50:12.267258 [debug] [MainThread]: Flushing usage events
[0m09:50:12.759574 [debug] [MainThread]: An error was encountered while trying to flush usage events
